<?xml version="1.0" encoding="UTF-8"?>
<!-- Generated by org.testng.reporters.JUnitReportReporter -->
<testsuite hostname="QFIL-0020" failures="0" tests="1" name="TestScripts.Vigilante_Admin" time="107.536" errors="0" timestamp="2023-09-07T14:31:13 IST" skipped="0">
  <testcase classname="TestScripts.Vigilante_Admin" name="AdminDetails" time="107.536"/>
</testsuite> <!-- TestScripts.Vigilante_Admin -->
